{"failedCount":1,"prefixedPath":"src\/test\/java\/tests\/getUsers.feature","packageQualifiedName":"src.test.java.tests.getUsers","loopIndex":-1,"relativePath":"src\/test\/java\/tests\/getUsers.feature","scenarioResults":[{"sectionIndex":0,"stepResults":[{"result":{"nanos":248161543,"millis":248.161543,"status":"passed"},"step":{"background":true,"line":3,"prefix":"*","index":0,"text":"configure ssl = true"}},{"result":{"nanos":1525849,"millis":1.525849,"status":"passed"},"step":{"background":true,"line":4,"prefix":"*","index":1,"text":"url 'https:\/\/reqres.in\/api'"}},{"result":{"nanos":13489580,"errorMessage":"js failed:\n>>>>\n01: karate.log('[print]',==============================================)\n<<<<\norg.graalvm.polyglot.PolyglotException: SyntaxError: Unnamed:1:21 Expected an operand but found ===\nkarate.log('[print]',==============================================)\n                     ^\n\n- org.graalvm.polyglot.Context.eval(Context.java:401)\n- com.intuit.karate.graal.JsEngine.evalForValue(JsEngine.java:141)\n- com.intuit.karate.graal.JsEngine.eval(JsEngine.java:137)\n- com.intuit.karate.core.ScenarioEngine.evalJs(ScenarioEngine.java:1344)\n- com.intuit.karate.core.ScenarioEngine.print(ScenarioEngine.java:252)\n- com.intuit.karate.ScenarioActions.print(ScenarioActions.java:308)\n- sun.reflect.NativeMethodAccessorImpl.invoke0(Native Method)\n\nsrc\/test\/java\/tests\/getUsers.feature:7","millis":13.48958,"status":"failed"},"step":{"line":7,"prefix":"*","index":0,"text":"print =============================================="},"stepLog":"17:52:54.791 src\/test\/java\/tests\/getUsers.feature:7\n* print ==============================================\njs failed:\n>>>>\n01: karate.log('[print]',==============================================)\n<<<<\norg.graalvm.polyglot.PolyglotException: SyntaxError: Unnamed:1:21 Expected an operand but found ===\nkarate.log('[print]',==============================================)\n                     ^\n\n- org.graalvm.polyglot.Context.eval(Context.java:401)\n- com.intuit.karate.graal.JsEngine.evalForValue(JsEngine.java:141)\n- com.intuit.karate.graal.JsEngine.eval(JsEngine.java:137)\n- com.intuit.karate.core.ScenarioEngine.evalJs(ScenarioEngine.java:1344)\n- com.intuit.karate.core.ScenarioEngine.print(ScenarioEngine.java:252)\n- com.intuit.karate.ScenarioActions.print(ScenarioActions.java:308)\n- sun.reflect.NativeMethodAccessorImpl.invoke0(Native Method)\n\nsrc\/test\/java\/tests\/getUsers.feature:7\n"},{"result":{"nanos":0,"millis":0.0,"status":"skipped"},"step":{"line":8,"prefix":"*","index":1,"text":"print Get All Users"}},{"result":{"nanos":0,"millis":0.0,"status":"skipped"},"step":{"line":9,"prefix":"*","index":2,"text":"print =============================================="}},{"result":{"nanos":0,"millis":0.0,"status":"skipped"},"step":{"line":10,"prefix":"*","index":3,"text":"path '\/users?page=2'"}},{"result":{"nanos":0,"millis":0.0,"status":"skipped"},"step":{"line":11,"prefix":"*","index":4,"text":"method GET"}},{"result":{"nanos":0,"millis":0.0,"status":"skipped"},"step":{"line":12,"prefix":"*","index":5,"text":"status 200"}},{"result":{"nanos":0,"millis":0.0,"status":"skipped"},"step":{"line":13,"prefix":"*","index":6,"text":"print response"}}],"line":6,"description":"","durationMillis":263.176972,"failed":true,"error":"js failed:\n>>>>\n01: karate.log('[print]',==============================================)\n<<<<\norg.graalvm.polyglot.PolyglotException: SyntaxError: Unnamed:1:21 Expected an operand but found ===\nkarate.log('[print]',==============================================)\n                     ^\n\n- org.graalvm.polyglot.Context.eval(Context.java:401)\n- com.intuit.karate.graal.JsEngine.evalForValue(JsEngine.java:141)\n- com.intuit.karate.graal.JsEngine.eval(JsEngine.java:137)\n- com.intuit.karate.core.ScenarioEngine.evalJs(ScenarioEngine.java:1344)\n- com.intuit.karate.core.ScenarioEngine.print(ScenarioEngine.java:252)\n- com.intuit.karate.ScenarioActions.print(ScenarioActions.java:308)\n- sun.reflect.NativeMethodAccessorImpl.invoke0(Native Method)\n\nsrc\/test\/java\/tests\/getUsers.feature:7","executorName":"main","name":"Get All Users","startTime":1663937574505,"refId":"[1:6]","endTime":1663937574791,"exampleIndex":-1}],"callDepth":0,"name":"Test Get Users API","description":"","resultDate":"2022-09-23 05:52:54 PM","durationMillis":263.176972,"passedCount":0}